<?xml version="1.0" encoding="UTF-8"?>
<testsuite xmlns:xsi="http://www.w3.org/2001/XMLSchema-instance" xsi:noNamespaceSchemaLocation="https://maven.apache.org/surefire/maven-surefire-plugin/xsd/surefire-test-report-3.0.xsd" version="3.0" name="com.dreamtank.SpringbootMybatisQuickstartApplicationTests" time="3.844" tests="1" errors="0" skipped="0" failures="0">
  <properties>
[...]
</properties>
  <testcase name="testListUser" classname="com.dreamtank.SpringbootMybatisQuickstartApplicationTests" time="1.743">
    <system-out><![CDATA[16:49:51.642 [main] INFO org.springframework.test.context.support.AnnotationConfigContextLoaderUtils -- Could not detect default configuration classes for test class [com.dreamtank.SpringbootMybatisQuickstartApplicationTests]: SpringbootMybatisQuickstartApplicationTests does not declare any static, non-private, non-final, nested classes annotated with @Configuration.
16:49:51.764 [main] INFO org.springframework.boot.test.context.SpringBootTestContextBootstrapper -- Found @SpringBootConfiguration com.dreamtank.SpringbootMybatisQuickstartApplication for test class com.dreamtank.SpringbootMybatisQuickstartApplicationTests

  .   ____          _            __ _ _
 /\\ / ___'_ __ _ _(_)_ __  __ _ \ \ \ \
( ( )\___ | '_ | '_| | '_ \/ _` | \ \ \ \
 \\/  ___)| |_)| | | | | || (_| |  ) ) ) )
  '  |____| .__|_| |_|_| |_\__, | / / / /
 =========|_|==============|___/=/_/_/_/
 :: Spring Boot ::                (v3.1.2)

2023-08-03T16:49:52.371+09:00  INFO 37961 --- [           main] ingbootMybatisQuickstartApplicationTests : Starting SpringbootMybatisQuickstartApplicationTests using Java 20.0.1 with PID 37961 (started by dreamtank in /Users/dreamtank/maven-workspace/spaceVideo/dreamtank_web_project/springboot-mybatis-quickstart)
2023-08-03T16:49:52.374+09:00  INFO 37961 --- [           main] ingbootMybatisQuickstartApplicationTests : No active profile set, falling back to 1 default profile: "default"
2023-08-03T16:49:53.248+09:00  INFO 37961 --- [           main] ingbootMybatisQuickstartApplicationTests : Started SpringbootMybatisQuickstartApplicationTests in 1.309 seconds (process running for 2.956)
2023-08-03T16:49:54.290+09:00  INFO 37961 --- [           main] com.zaxxer.hikari.HikariDataSource       : HikariPool-1 - Starting...
2023-08-03T16:49:54.855+09:00  INFO 37961 --- [           main] com.zaxxer.hikari.pool.HikariPool        : HikariPool-1 - Added connection com.mysql.cj.jdbc.ConnectionImpl@46612bfc
2023-08-03T16:49:54.857+09:00  INFO 37961 --- [           main] com.zaxxer.hikari.HikariDataSource       : HikariPool-1 - Start completed.
User(id=1, name=白眉鹰王, age=55, gender=1, phone=18800000000)
User(id=2, name=金毛狮王, age=45, gender=1, phone=18800000001)
User(id=3, name=青翼蝠王, age=38, gender=1, phone=18800000002)
User(id=4, name=紫衫龙王, age=42, gender=2, phone=18800000003)
User(id=5, name=光明左使, age=37, gender=1, phone=18800000004)
User(id=6, name=光明右使, age=48, gender=1, phone=18800000005)
]]></system-out>
  </testcase>
</testsuite>