-------------------------------------------------------------------------------
Test set: com.dreamtank.SpringbootMybatisCrudApplicationTests
-------------------------------------------------------------------------------
Tests run: 1, Failures: 0, Errors: 1, Skipped: 0, Time elapsed: 0.213 s <<< FAILURE! - in com.dreamtank.SpringbootMybatisCrudApplicationTests
com.dreamtank.SpringbootMybatisCrudApplicationTests  Time elapsed: 0.212 s  <<< ERROR!
org.springframework.beans.factory.BeanDefinitionStoreException: Failed to read candidate component class: file [/Users/dreamtank/maven-workspace/spaceVideo/dreamtank_web_project/springboot-mybatis-crud/target/test-classes/com/dreamtank/SpringbootMybatisCrudApplicationTests.class]; nested exception is org.springframework.core.NestedIOException: ASM ClassReader failed to parse class file - probably due to a new Java class file version that isn't supported yet: file [/Users/dreamtank/maven-workspace/spaceVideo/dreamtank_web_project/springboot-mybatis-crud/target/test-classes/com/dreamtank/SpringbootMybatisCrudApplicationTests.class]; nested exception is java.lang.IllegalArgumentException: Unsupported class file major version 64
Caused by: org.springframework.core.NestedIOException: ASM ClassReader failed to parse class file - probably due to a new Java class file version that isn't supported yet: file [/Users/dreamtank/maven-workspace/spaceVideo/dreamtank_web_project/springboot-mybatis-crud/target/test-classes/com/dreamtank/SpringbootMybatisCrudApplicationTests.class]; nested exception is java.lang.IllegalArgumentException: Unsupported class file major version 64
Caused by: java.lang.IllegalArgumentException: Unsupported class file major version 64

