<?xml version="1.0" encoding="UTF-8"?>
<testsuite xmlns:xsi="http://www.w3.org/2001/XMLSchema-instance" xsi:noNamespaceSchemaLocation="https://maven.apache.org/surefire/maven-surefire-plugin/xsd/surefire-test-report.xsd" name="com.dreamtank.SpringbootMybatisCrudApplicationTests" time="0.213" tests="1" errors="1" skipped="0" failures="0">
  <properties>
[...]
</properties>
  <testcase name="com.dreamtank.SpringbootMybatisCrudApplicationTests" classname="com.dreamtank.SpringbootMybatisCrudApplicationTests" time="0.212">
    <error message="Failed to read candidate component class: file [/Users/dreamtank/maven-workspace/spaceVideo/dreamtank_web_project/springboot-mybatis-crud/target/test-classes/com/dreamtank/SpringbootMybatisCrudApplicationTests.class]; nested exception is org.springframework.core.NestedIOException: ASM ClassReader failed to parse class file - probably due to a new Java class file version that isn&apos;t supported yet: file [/Users/dreamtank/maven-workspace/spaceVideo/dreamtank_web_project/springboot-mybatis-crud/target/test-classes/com/dreamtank/SpringbootMybatisCrudApplicationTests.class]; nested exception is java.lang.IllegalArgumentException: Unsupported class file major version 64" type="org.springframework.beans.factory.BeanDefinitionStoreException">org.springframework.beans.factory.BeanDefinitionStoreException: Failed to read candidate component class: file [/Users/dreamtank/maven-workspace/spaceVideo/dreamtank_web_project/springboot-mybatis-crud/target/test-classes/com/dreamtank/SpringbootMybatisCrudApplicationTests.class]; nested exception is org.springframework.core.NestedIOException: ASM ClassReader failed to parse class file - probably due to a new Java class file version that isn't supported yet: file [/Users/dreamtank/maven-workspace/spaceVideo/dreamtank_web_project/springboot-mybatis-crud/target/test-classes/com/dreamtank/SpringbootMybatisCrudApplicationTests.class]; nested exception is java.lang.IllegalArgumentException: Unsupported class file major version 64
Caused by: org.springframework.core.NestedIOException: ASM ClassReader failed to parse class file - probably due to a new Java class file version that isn't supported yet: file [/Users/dreamtank/maven-workspace/spaceVideo/dreamtank_web_project/springboot-mybatis-crud/target/test-classes/com/dreamtank/SpringbootMybatisCrudApplicationTests.class]; nested exception is java.lang.IllegalArgumentException: Unsupported class file major version 64
Caused by: java.lang.IllegalArgumentException: Unsupported class file major version 64
</error>
    <system-out><![CDATA[17:09:23.355 [main] DEBUG org.springframework.test.context.BootstrapUtils - Instantiating CacheAwareContextLoaderDelegate from class [org.springframework.test.context.cache.DefaultCacheAwareContextLoaderDelegate]
17:09:23.366 [main] DEBUG org.springframework.test.context.BootstrapUtils - Instantiating BootstrapContext using constructor [public org.springframework.test.context.support.DefaultBootstrapContext(java.lang.Class,org.springframework.test.context.CacheAwareContextLoaderDelegate)]
17:09:23.403 [main] DEBUG org.springframework.test.context.BootstrapUtils - Instantiating TestContextBootstrapper for test class [com.dreamtank.SpringbootMybatisCrudApplicationTests] from class [org.springframework.boot.test.context.SpringBootTestContextBootstrapper]
17:09:23.418 [main] INFO org.springframework.boot.test.context.SpringBootTestContextBootstrapper - Neither @ContextConfiguration nor @ContextHierarchy found for test class [com.dreamtank.SpringbootMybatisCrudApplicationTests], using SpringBootContextLoader
17:09:23.422 [main] DEBUG org.springframework.test.context.support.AbstractContextLoader - Did not detect default resource location for test class [com.dreamtank.SpringbootMybatisCrudApplicationTests]: class path resource [com/dreamtank/SpringbootMybatisCrudApplicationTests-context.xml] does not exist
17:09:23.422 [main] DEBUG org.springframework.test.context.support.AbstractContextLoader - Did not detect default resource location for test class [com.dreamtank.SpringbootMybatisCrudApplicationTests]: class path resource [com/dreamtank/SpringbootMybatisCrudApplicationTestsContext.groovy] does not exist
17:09:23.423 [main] INFO org.springframework.test.context.support.AbstractContextLoader - Could not detect default resource locations for test class [com.dreamtank.SpringbootMybatisCrudApplicationTests]: no resource found for suffixes {-context.xml, Context.groovy}.
17:09:23.423 [main] INFO org.springframework.test.context.support.AnnotationConfigContextLoaderUtils - Could not detect default configuration classes for test class [com.dreamtank.SpringbootMybatisCrudApplicationTests]: SpringbootMybatisCrudApplicationTests does not declare any static, non-private, non-final, nested classes annotated with @Configuration.
17:09:23.458 [main] DEBUG org.springframework.test.context.support.ActiveProfilesUtils - Could not find an 'annotation declaring class' for annotation type [org.springframework.test.context.ActiveProfiles] and class [com.dreamtank.SpringbootMybatisCrudApplicationTests]
]]></system-out>
  </testcase>
</testsuite>